2025-10-26 13:58:03,297 - ai_assistant.src.config_manager - INFO - Загружена конфигурация из /workspaces/ai-assistant-for-finace-hack/ai_assistant/src/../config/config.json
2025-10-26 13:58:03,298 - sentence_transformers.SentenceTransformer - INFO - Use pytorch device_name: cpu
2025-10-26 13:58:03,298 - sentence_transformers.SentenceTransformer - INFO - Load pretrained SentenceTransformer: cointegrated/rubert-tiny2
2025-10-26 13:58:05,875 - ai_assistant.src.security_checker - WARNING - Ошибка загрузки правил безопасности: [Errno 2] No such file or directory: 'security_rules.json'
2025-10-26 13:58:05,876 - ai_assistant.src.ai_assistant - INFO - Загружена база знаний из /workspaces/ai-assistant-for-finace-hack/ai_assistant/src/../data/knowledge_base.txt: 7 документов
2025-10-26 13:58:05,876 - ai_assistant.src.ai_assistant - INFO - Система инициализирована. Документов в базе: 7
2025-10-26 13:58:51,513 - httpx - INFO - HTTP Request: POST http://127.0.0.1:11434/api/generate "HTTP/1.1 200 OK"
2025-10-26 13:59:05,488 - httpx - INFO - HTTP Request: POST http://127.0.0.1:11434/api/generate "HTTP/1.1 200 OK"
2025-10-26 13:59:33,123 - httpx - INFO - HTTP Request: POST http://127.0.0.1:11434/api/generate "HTTP/1.1 200 OK"
2025-10-26 14:03:46,060 - ai_assistant.src.config_manager - INFO - Загружена конфигурация из /workspaces/ai-assistant-for-finace-hack/ai_assistant/src/../config/config.json
2025-10-26 14:03:46,064 - sentence_transformers.SentenceTransformer - INFO - Use pytorch device_name: cpu
2025-10-26 14:03:46,064 - sentence_transformers.SentenceTransformer - INFO - Load pretrained SentenceTransformer: cointegrated/rubert-tiny2
2025-10-26 14:03:48,939 - ai_assistant.src.security_checker - WARNING - Ошибка загрузки правил безопасности: [Errno 2] No such file or directory: 'security_rules.json'
2025-10-26 14:03:48,941 - ai_assistant.src.ai_assistant - INFO - Загружена база знаний из /workspaces/ai-assistant-for-finace-hack/ai_assistant/src/../data/knowledge_base.txt: 7 документов
2025-10-26 14:03:48,941 - ai_assistant.src.ai_assistant - INFO - Система инициализирована. Документов в базе: 7
2025-10-26 14:04:04,359 - ai_assistant.src.ai_assistant - INFO - Исправлена раскладка: 'Xnj nfrjt rhtlbn&' -> 'Что такое кредит&'
2025-10-26 14:04:10,539 - httpx - INFO - HTTP Request: POST http://127.0.0.1:11434/api/generate "HTTP/1.1 200 OK"
2025-10-26 14:07:04,410 - ai_assistant.src.config_manager - INFO - Загружена конфигурация из /workspaces/ai-assistant-for-finace-hack/ai_assistant/src/../config/config.json
2025-10-26 14:07:04,411 - sentence_transformers.SentenceTransformer - INFO - Use pytorch device_name: cpu
2025-10-26 14:07:04,411 - sentence_transformers.SentenceTransformer - INFO - Load pretrained SentenceTransformer: cointegrated/rubert-tiny2
2025-10-26 14:07:05,910 - ai_assistant.src.security_checker - WARNING - Ошибка загрузки правил безопасности: [Errno 2] No such file or directory: 'security_rules.json'
2025-10-26 14:07:05,912 - ai_assistant.src.ai_assistant - INFO - Загружена база знаний из /workspaces/ai-assistant-for-finace-hack/ai_assistant/src/../data/knowledge_base.txt: 7 документов
2025-10-26 14:07:05,912 - ai_assistant.src.ai_assistant - INFO - Система инициализирована. Документов в базе: 7
2025-10-26 14:07:17,763 - httpx - INFO - HTTP Request: POST http://127.0.0.1:11434/api/generate "HTTP/1.1 200 OK"
2025-10-26 14:08:32,570 - ai_assistant.src.config_manager - INFO - Загружена конфигурация из /workspaces/ai-assistant-for-finace-hack/ai_assistant/src/../config/config.json
2025-10-26 14:08:32,571 - ai_assistant.src.embeddings_manager - ERROR - Ошибка загрузки модели эмбеддингов: SentenceTransformer.__init__() got an unexpected keyword argument 'show_progress_bar'
2025-10-26 14:08:32,635 - ai_assistant.src.security_checker - WARNING - Ошибка загрузки правил безопасности: [Errno 2] No such file or directory: 'security_rules.json'
2025-10-26 14:08:32,636 - ai_assistant.src.ai_assistant - INFO - Загружена база знаний из /workspaces/ai-assistant-for-finace-hack/ai_assistant/src/../data/knowledge_base.txt: 7 документов
2025-10-26 14:08:32,636 - ai_assistant.src.ai_assistant - INFO - Система инициализирована. Документов в базе: 7
2025-10-26 14:08:45,639 - ai_assistant.src.ai_assistant - ERROR - Ошибка при обработке вопроса: Модель эмбеддингов не инициализирована
2025-10-26 14:10:33,147 - ai_assistant.src.config_manager - INFO - Загружена конфигурация из /workspaces/ai-assistant-for-finace-hack/ai_assistant/src/../config/config.json
2025-10-26 14:10:33,148 - sentence_transformers.SentenceTransformer - INFO - Use pytorch device_name: cpu
2025-10-26 14:10:33,148 - sentence_transformers.SentenceTransformer - INFO - Load pretrained SentenceTransformer: cointegrated/rubert-tiny2
2025-10-26 14:10:34,684 - ai_assistant.src.security_checker - WARNING - Ошибка загрузки правил безопасности: [Errno 2] No such file or directory: 'security_rules.json'
2025-10-26 14:10:34,686 - ai_assistant.src.ai_assistant - INFO - Загружена база знаний из /workspaces/ai-assistant-for-finace-hack/ai_assistant/src/../data/knowledge_base.txt: 7 документов
2025-10-26 14:10:34,686 - ai_assistant.src.ai_assistant - INFO - Система инициализирована. Документов в базе: 7
2025-10-26 14:10:41,916 - httpx - INFO - HTTP Request: POST http://127.0.0.1:11434/api/generate "HTTP/1.1 200 OK"
2025-10-26 14:13:36,515 - ai_assistant.src.config_manager - INFO - Загружена конфигурация из /workspaces/ai-assistant-for-finace-hack/ai_assistant/src/../config/config.json
2025-10-26 14:13:36,516 - sentence_transformers.SentenceTransformer - INFO - Use pytorch device_name: cpu
2025-10-26 14:13:36,516 - sentence_transformers.SentenceTransformer - INFO - Load pretrained SentenceTransformer: cointegrated/rubert-tiny2
2025-10-26 14:13:38,209 - ai_assistant.src.embeddings_manager - INFO - Модель эмбеддингов cointegrated/rubert-tiny2 успешно загружена
2025-10-26 14:13:38,307 - ai_assistant.src.security_checker - WARNING - Ошибка загрузки правил безопасности: [Errno 2] No such file or directory: 'security_rules.json'
2025-10-26 14:13:38,308 - ai_assistant.src.ai_assistant - INFO - Загружена база знаний из /workspaces/ai-assistant-for-finace-hack/ai_assistant/src/../data/knowledge_base.txt: 7 документов
2025-10-26 14:13:38,309 - ai_assistant.src.ai_assistant - INFO - Система инициализирована. Документов в базе: 7
2025-10-26 14:14:06,768 - httpx - INFO - HTTP Request: POST http://127.0.0.1:11434/api/generate "HTTP/1.1 200 OK"
2025-10-26 14:17:59,344 - ai_assistant.src.config_manager - INFO - Загружена конфигурация из /workspaces/ai-assistant-for-finace-hack/ai_assistant/src/../config/config.json
2025-10-26 14:17:59,345 - sentence_transformers.SentenceTransformer - INFO - Use pytorch device_name: cpu
2025-10-26 14:17:59,345 - sentence_transformers.SentenceTransformer - INFO - Load pretrained SentenceTransformer: cointegrated/rubert-tiny2
2025-10-26 14:18:00,998 - ai_assistant.src.embeddings_manager - INFO - Модель эмбеддингов cointegrated/rubert-tiny2 успешно загружена
2025-10-26 14:18:01,044 - ai_assistant.src.security_checker - WARNING - Ошибка загрузки правил безопасности: [Errno 2] No such file or directory: 'security_rules.json'
2025-10-26 14:18:01,045 - ai_assistant.src.ai_assistant - INFO - Загружена база знаний из /workspaces/ai-assistant-for-finace-hack/ai_assistant/src/../data/knowledge_base.txt: 7 документов
2025-10-26 14:18:01,045 - ai_assistant.src.ai_assistant - INFO - Система инициализирована. Документов в базе: 7
2025-10-26 14:18:09,452 - httpx - INFO - HTTP Request: POST http://127.0.0.1:11434/api/generate "HTTP/1.1 200 OK"
2025-10-26 14:27:39,980 - ai_assistant.src.config_manager - INFO - Загружена конфигурация из /workspaces/ai-assistant-for-finace-hack/ai_assistant/src/../config/config.json
2025-10-26 14:27:39,981 - sentence_transformers.SentenceTransformer - INFO - Use pytorch device_name: cpu
2025-10-26 14:27:39,981 - sentence_transformers.SentenceTransformer - INFO - Load pretrained SentenceTransformer: cointegrated/rubert-tiny2
2025-10-26 14:27:41,567 - ai_assistant.src.embeddings_manager - INFO - Модель эмбеддингов cointegrated/rubert-tiny2 успешно загружена
2025-10-26 14:27:41,612 - ai_assistant.src.security_checker - WARNING - Ошибка загрузки правил безопасности: [Errno 2] No such file or directory: 'security_rules.json'
2025-10-26 14:27:41,612 - ai_assistant.src.ai_assistant - INFO - Загружена база знаний из /workspaces/ai-assistant-for-finace-hack/ai_assistant/src/../data/knowledge_base.txt: 7 документов
2025-10-26 14:27:41,612 - ai_assistant.src.ai_assistant - INFO - Система инициализирована. Документов в базе: 7
2025-10-26 14:28:00,070 - httpx - INFO - HTTP Request: POST http://127.0.0.1:11434/api/generate "HTTP/1.1 200 OK"
2025-10-26 14:28:43,214 - httpx - INFO - HTTP Request: POST http://127.0.0.1:11434/api/generate "HTTP/1.1 200 OK"
